  Assembling Reverser.asm...
  arrayReverser.cpp
  pch.cpp
  Generating Code...
LINK : error LNK2001: unresolved external symbol _start
arrayReverser.obj : error LNK2019: unresolved external symbol __imp____acrt_iob_func referenced in function _printf
arrayReverser.obj : error LNK2019: unresolved external symbol __imp____stdio_common_vfprintf referenced in function __vfprintf_l
MSVCRTD.lib(init.obj) : error LNK2019: unresolved external symbol __CrtDbgReport referenced in function __CRT_RTC_INIT
MSVCRTD.lib(init.obj) : error LNK2019: unresolved external symbol __CrtDbgReportW referenced in function __CRT_RTC_INITW
MSVCRTD.lib(error.obj) : error LNK2019: unresolved external symbol _strcpy_s referenced in function "void __cdecl _RTC_StackFailure(void *,char const *)" (?_RTC_StackFailure@@YAXPAXPBD@Z)
MSVCRTD.lib(error.obj) : error LNK2019: unresolved external symbol _strcat_s referenced in function "void __cdecl _RTC_StackFailure(void *,char const *)" (?_RTC_StackFailure@@YAXPAXPBD@Z)
MSVCRTD.lib(error.obj) : error LNK2019: unresolved external symbol ___stdio_common_vsprintf_s referenced in function __vsprintf_s_l
MSVCRTD.lib(pdblkup.obj) : error LNK2019: unresolved external symbol __wmakepath_s referenced in function "int __cdecl GetPdbDllPathFromFilePath(wchar_t const *,wchar_t *,unsigned int)" (?GetPdbDllPathFromFilePath@@YAHPB_WPA_WI@Z)
MSVCRTD.lib(pdblkup.obj) : error LNK2019: unresolved external symbol __wsplitpath_s referenced in function "int __cdecl GetPdbDllPathFromFilePath(wchar_t const *,wchar_t *,unsigned int)" (?GetPdbDllPathFromFilePath@@YAHPB_WPA_WI@Z)
MSVCRTD.lib(pdblkup.obj) : error LNK2019: unresolved external symbol _wcscpy_s referenced in function "int __cdecl GetPdbDllPathFromFilePath(wchar_t const *,wchar_t *,unsigned int)" (?GetPdbDllPathFromFilePath@@YAHPB_WPA_WI@Z)
MSVCRTD.lib(pdblkup.obj) : error LNK2019: unresolved external symbol ___vcrt_GetModuleFileNameW referenced in function "struct HINSTANCE__ * __cdecl GetPdbDll(void)" (?GetPdbDll@@YAPAUHINSTANCE__@@XZ)
MSVCRTD.lib(pdblkup.obj) : error LNK2019: unresolved external symbol ___vcrt_GetModuleHandleW referenced in function "struct HINSTANCE__ * __cdecl GetPdbDll(void)" (?GetPdbDll@@YAPAUHINSTANCE__@@XZ)
MSVCRTD.lib(pdblkup.obj) : error LNK2019: unresolved external symbol ___vcrt_LoadLibraryExW referenced in function "struct HINSTANCE__ * __cdecl GetPdbDll(void)" (?GetPdbDll@@YAPAUHINSTANCE__@@XZ)
MSVCRTD.lib(chandler4_noexcept.obj) : error LNK2019: unresolved external symbol _terminate referenced in function __except_handler4_noexcept
MSVCRTD.lib(chandler4_noexcept.obj) : error LNK2019: unresolved external symbol ___current_exception referenced in function __except_handler4_noexcept
MSVCRTD.lib(chandler4_noexcept.obj) : error LNK2019: unresolved external symbol ___current_exception_context referenced in function __except_handler4_noexcept
MSVCRTD.lib(chandler4gs.obj) : error LNK2019: unresolved external symbol __except_handler4_common referenced in function __except_handler4
D:\Github\AssembleyTutorials\AssemblyMASMTemplate\Debug\AssemblyMASMTemplate.exe : fatal error LNK1120: 18 unresolved externals
