d:\github\assembleytutorials\assemblymasmtemplate\assemblymasmtemplate\debug\vc143.pdb
d:\github\assembleytutorials\assemblymasmtemplate\assemblymasmtemplate\debug\vc143.idb
d:\github\assembleytutorials\assemblymasmtemplate\assemblymasmtemplate\debug\pch.obj
d:\github\assembleytutorials\assemblymasmtemplate\assemblymasmtemplate\debug\arrayreverser.obj
d:\github\assembleytutorials\assemblymasmtemplate\debug\assemblymasmtemplate.exe
d:\github\assembleytutorials\assemblymasmtemplate\assemblymasmtemplate\debug\assemblymasmtemplate.ilk
d:\github\assembleytutorials\assemblymasmtemplate\debug\assemblymasmtemplate.pdb
d:\github\assembleytutorials\assemblymasmtemplate\assemblymasmtemplate\debug\reverser.obj
d:\github\assembleytutorials\assemblymasmtemplate\assemblymasmtemplate\debug\main.obj
d:\github\assembleytutorials\assemblymasmtemplate\assemblymasmtemplate\debug\assembly.fa6e0907.tlog\cl.command.1.tlog
d:\github\assembleytutorials\assemblymasmtemplate\assemblymasmtemplate\debug\assembly.fa6e0907.tlog\cl.read.1.tlog
d:\github\assembleytutorials\assemblymasmtemplate\assemblymasmtemplate\debug\assembly.fa6e0907.tlog\cl.write.1.tlog
d:\github\assembleytutorials\assemblymasmtemplate\assemblymasmtemplate\debug\assembly.fa6e0907.tlog\link-cvtres.read.1.tlog
d:\github\assembleytutorials\assemblymasmtemplate\assemblymasmtemplate\debug\assembly.fa6e0907.tlog\link-cvtres.write.1.tlog
d:\github\assembleytutorials\assemblymasmtemplate\assemblymasmtemplate\debug\assembly.fa6e0907.tlog\link-rc.read.1.tlog
d:\github\assembleytutorials\assemblymasmtemplate\assemblymasmtemplate\debug\assembly.fa6e0907.tlog\link-rc.write.1.tlog
d:\github\assembleytutorials\assemblymasmtemplate\assemblymasmtemplate\debug\assembly.fa6e0907.tlog\link.31380-cvtres.read.1.tlog
d:\github\assembleytutorials\assemblymasmtemplate\assemblymasmtemplate\debug\assembly.fa6e0907.tlog\link.31380-cvtres.write.1.tlog
d:\github\assembleytutorials\assemblymasmtemplate\assemblymasmtemplate\debug\assembly.fa6e0907.tlog\link.31380-rc.read.1.tlog
d:\github\assembleytutorials\assemblymasmtemplate\assemblymasmtemplate\debug\assembly.fa6e0907.tlog\link.31380-rc.write.1.tlog
d:\github\assembleytutorials\assemblymasmtemplate\assemblymasmtemplate\debug\assembly.fa6e0907.tlog\link.31380.read.1.tlog
d:\github\assembleytutorials\assemblymasmtemplate\assemblymasmtemplate\debug\assembly.fa6e0907.tlog\link.31380.write.1.tlog
d:\github\assembleytutorials\assemblymasmtemplate\assemblymasmtemplate\debug\assembly.fa6e0907.tlog\link.command.1.tlog
d:\github\assembleytutorials\assemblymasmtemplate\assemblymasmtemplate\debug\assembly.fa6e0907.tlog\link.read.1.tlog
d:\github\assembleytutorials\assemblymasmtemplate\assemblymasmtemplate\debug\assembly.fa6e0907.tlog\link.write.1.tlog
d:\github\assembleytutorials\assemblymasmtemplate\assemblymasmtemplate\debug\assembly.fa6e0907.tlog\masm.read.1u.tlog
d:\github\assembleytutorials\assemblymasmtemplate\assemblymasmtemplate\debug\assembly.fa6e0907.tlog\masm.write.1u.tlog
